<?xml version="1.0" encoding="UTF-8"?>
<testng-results ignored="0" total="1" passed="1" failed="0" skipped="0">
  <reporter-output>
  </reporter-output>
  <suite started-at="2021-04-10T20:53:44 IST" name="Default suite" finished-at="2021-04-10T20:54:43 IST" duration-ms="59488">
    <groups>
    </groups>
    <test started-at="2021-04-10T20:53:44 IST" name="Default test" finished-at="2021-04-10T20:54:43 IST" duration-ms="59488">
      <class name="com.testCase.RedBusTest">
        <test-method signature="f()[pri:0, instance:com.testCase.RedBusTest@795cd85e]" started-at="2021-04-10T20:53:44 IST" name="f" finished-at="2021-04-10T20:54:42 IST" duration-ms="58613" status="PASS">
          <reporter-output>
          </reporter-output>
        </test-method> <!-- f -->
        <test-method is-config="true" signature="Teardown()[pri:0, instance:com.testCase.RedBusTest@795cd85e]" started-at="2021-04-10T20:54:42 IST" name="Teardown" finished-at="2021-04-10T20:54:43 IST" duration-ms="767" status="PASS">
          <reporter-output>
          </reporter-output>
        </test-method> <!-- Teardown -->
      </class> <!-- com.testCase.RedBusTest -->
    </test> <!-- Default test -->
  </suite> <!-- Default suite -->
</testng-results>
